<?xml version="1.0" encoding="UTF-8"?>
<!-- Generated by org.testng.reporters.JUnitReportReporter -->
<testsuite skipped="0" hostname="ip-172-31-94-108" name="tdd.PrimeCheckTest" tests="3" failures="0" timestamp="12 Nov 2021 07:03:14 GMT" time="0.011" errors="0">
  <testcase name="CheckPrime4" time="0.001" classname="tdd.PrimeCheckTest"/>
  <testcase name="CheckPrime1" time="0.009" classname="tdd.PrimeCheckTest"/>
  <testcase name="CheckPrime23" time="0.001" classname="tdd.PrimeCheckTest"/>
</testsuite> <!-- tdd.PrimeCheckTest -->
