<?xml version="1.0" encoding="UTF-8"?>
<!-- Generated by org.testng.reporters.JUnitReportReporter -->
<testsuite skipped="0" hostname="ip-172-31-94-108" name="tests.LoginTest" tests="3" failures="0" timestamp="09 Nov 2021 07:29:07 GMT" time="16.787" errors="0">
  <testcase name="ExcelTest" time="4.943" classname="tests.LoginTest"/>
  <testcase name="PositiveLogin" time="6.724" classname="tests.LoginTest"/>
  <testcase name="NegativeLogin" time="5.120" classname="tests.LoginTest"/>
</testsuite> <!-- tests.LoginTest -->
