<?xml version="1.0" encoding="UTF-8"?>
<!-- Generated by org.testng.reporters.JUnitReportReporter -->
<testsuite skipped="0" hostname="ip-172-31-94-108" name="tests.GridTest" tests="1" failures="0" timestamp="12 Nov 2021 04:16:13 GMT" time="4.093" errors="0">
  <testcase name="launchBrowser" time="4.093" classname="tests.GridTest"/>
</testsuite> <!-- tests.GridTest -->
