<?xml version="1.0" encoding="UTF-8"?>
<!-- Generated by org.testng.reporters.JUnitReportReporter -->
<testsuite skipped="0" hostname="ip-172-31-94-108" name="tdd.CalculatorTest" tests="2" failures="0" timestamp="12 Nov 2021 06:37:31 GMT" time="0.013" errors="0">
  <testcase name="TestAdd1" time="0.011" classname="tdd.CalculatorTest"/>
  <testcase name="TestAdd2" time="0.002" classname="tdd.CalculatorTest"/>
</testsuite> <!-- tdd.CalculatorTest -->
