<?xml version="1.0" encoding="UTF-8"?>
<!-- Generated by org.testng.reporters.JUnitReportReporter -->
<testsuite skipped="2" hostname="ip-172-31-94-108" name="tests.LoginTest" tests="3" failures="0" timestamp="09 Nov 2021 07:06:40 GMT" time="3.984" errors="0">
  <testcase name="ExcelTest" time="3.984" classname="tests.LoginTest"/>
  <testcase name="NegativeLogin" classname="tests.LoginTest">
    <skipped/>
  </testcase> <!-- NegativeLogin -->
  <testcase name="PositiveLogin" classname="tests.LoginTest">
    <skipped/>
  </testcase> <!-- PositiveLogin -->
</testsuite> <!-- tests.LoginTest -->
